Tue Sep 02 18:02:00 BRT 2014  [debug] AvalonLogSystem initialized using logfile 'velocity.log'
Tue Sep 02 18:02:00 BRT 2014   [info] ************************************************************** 
Tue Sep 02 18:02:00 BRT 2014   [info] Starting Jakarta Velocity v1.3.1
Tue Sep 02 18:02:00 BRT 2014   [info] RuntimeInstance initializing.
Tue Sep 02 18:02:00 BRT 2014   [info] Default Properties File: org\apache\velocity\runtime\defaults\velocity.properties
Tue Sep 02 18:02:00 BRT 2014   [info] Trying to use logger class org.apache.velocity.runtime.log.AvalonLogSystem
Tue Sep 02 18:02:00 BRT 2014   [info] Using logger class org.apache.velocity.runtime.log.AvalonLogSystem
Tue Sep 02 18:02:00 BRT 2014   [info] Default ResourceManager initializing. (class org.apache.velocity.runtime.resource.ResourceManagerImpl)
Tue Sep 02 18:02:00 BRT 2014   [info] Resource Loader Instantiated: org.apache.velocity.runtime.resource.loader.ClasspathResourceLoader
Tue Sep 02 18:02:00 BRT 2014   [info] ClasspathResourceLoader : initialization starting.
Tue Sep 02 18:02:00 BRT 2014   [info] ClasspathResourceLoader : initialization complete.
Tue Sep 02 18:02:00 BRT 2014   [info] ResourceCache : initialized. (class org.apache.velocity.runtime.resource.ResourceCacheImpl)
Tue Sep 02 18:02:00 BRT 2014   [info] Default ResourceManager initialization complete.
Tue Sep 02 18:02:00 BRT 2014   [info] Loaded System Directive: org.apache.velocity.runtime.directive.Literal
Tue Sep 02 18:02:00 BRT 2014   [info] Loaded System Directive: org.apache.velocity.runtime.directive.Macro
Tue Sep 02 18:02:00 BRT 2014   [info] Loaded System Directive: org.apache.velocity.runtime.directive.Parse
Tue Sep 02 18:02:00 BRT 2014   [info] Loaded System Directive: org.apache.velocity.runtime.directive.Include
Tue Sep 02 18:02:00 BRT 2014   [info] Loaded System Directive: org.apache.velocity.runtime.directive.Foreach
Tue Sep 02 18:02:00 BRT 2014   [info] Created: 20 parsers.
Tue Sep 02 18:02:00 BRT 2014   [info] Velocimacro : initialization starting.
Tue Sep 02 18:02:00 BRT 2014   [info] Velocimacro : adding VMs from VM library template : VM_global_library.vm
Tue Sep 02 18:02:00 BRT 2014  [error] ResourceManager : unable to find resource 'VM_global_library.vm' in any resource loader.
Tue Sep 02 18:02:00 BRT 2014   [info] Velocimacro : error using  VM library template VM_global_library.vm : org.apache.velocity.exception.ResourceNotFoundException: Unable to find resource 'VM_global_library.vm'
Tue Sep 02 18:02:00 BRT 2014   [info] Velocimacro :  VM library template macro registration complete.
Tue Sep 02 18:02:00 BRT 2014   [info] Velocimacro : allowInline = true : VMs can be defined inline in templates
Tue Sep 02 18:02:00 BRT 2014   [info] Velocimacro : allowInlineToOverride = false : VMs defined inline may NOT replace previous VM definitions
Tue Sep 02 18:02:00 BRT 2014   [info] Velocimacro : allowInlineLocal = false : VMs defined inline will be  global in scope if allowed.
Tue Sep 02 18:02:00 BRT 2014   [info] Velocimacro : messages on  : VM system will output logging messages
Tue Sep 02 18:02:00 BRT 2014   [info] Velocimacro : autoload off  : VM system will not automatically reload global library macros
Tue Sep 02 18:02:00 BRT 2014   [info] Velocimacro : initialization complete.
Tue Sep 02 18:02:00 BRT 2014   [info] Velocity successfully started.
Tue Sep 02 18:02:00 BRT 2014   [info] ResourceManager : found om/Control.vm with loader org.apache.velocity.runtime.resource.loader.ClasspathResourceLoader
Tue Sep 02 18:02:00 BRT 2014  [error] RHS of #set statement is null. Context will not be modified. om/Control.vm [line 105, column 8]
Tue Sep 02 18:02:00 BRT 2014  [error] RHS of #set statement is null. Context will not be modified. om/Control.vm [line 105, column 8]
Tue Sep 02 18:02:00 BRT 2014  [error] RHS of #set statement is null. Context will not be modified. om/Control.vm [line 105, column 8]
Tue Sep 02 18:02:00 BRT 2014  [error] RHS of #set statement is null. Context will not be modified. om/Control.vm [line 105, column 8]
Tue Sep 02 18:02:00 BRT 2014  [error] RHS of #set statement is null. Context will not be modified. om/Control.vm [line 105, column 8]
Tue Sep 02 18:02:00 BRT 2014  [error] RHS of #set statement is null. Context will not be modified. om/Control.vm [line 105, column 8]
Tue Sep 02 18:02:00 BRT 2014  [error] RHS of #set statement is null. Context will not be modified. om/Control.vm [line 105, column 8]
Tue Sep 02 18:02:00 BRT 2014  [error] RHS of #set statement is null. Context will not be modified. om/Control.vm [line 105, column 8]
Tue Sep 02 18:02:00 BRT 2014  [error] RHS of #set statement is null. Context will not be modified. om/Control.vm [line 105, column 8]
Tue Sep 02 18:02:00 BRT 2014   [info] ResourceManager : found om/ControlBase.vm with loader org.apache.velocity.runtime.resource.loader.ClasspathResourceLoader
Tue Sep 02 18:02:00 BRT 2014   [info] ResourceManager : found om/Peer.vm with loader org.apache.velocity.runtime.resource.loader.ClasspathResourceLoader
Tue Sep 02 18:02:00 BRT 2014   [info] ResourceManager : found om/MapBuilder.vm with loader org.apache.velocity.runtime.resource.loader.ClasspathResourceLoader
Tue Sep 02 18:02:00 BRT 2014   [info] ResourceManager : found om/Object.vm with loader org.apache.velocity.runtime.resource.loader.ClasspathResourceLoader
Tue Sep 02 18:02:00 BRT 2014  [error] RHS of #set statement is null. Context will not be modified. om/Object.vm [line 1840, column 1]
Tue Sep 02 18:02:01 BRT 2014   [info] ResourceManager : found om/Peer.vm with loader org.apache.velocity.runtime.resource.loader.ClasspathResourceLoader
Tue Sep 02 18:02:01 BRT 2014   [info] ResourceManager : found om/MapBuilder.vm with loader org.apache.velocity.runtime.resource.loader.ClasspathResourceLoader
Tue Sep 02 18:02:01 BRT 2014   [info] ResourceManager : found om/Object.vm with loader org.apache.velocity.runtime.resource.loader.ClasspathResourceLoader
Tue Sep 02 18:02:01 BRT 2014  [error] RHS of #set statement is null. Context will not be modified. om/Object.vm [line 1840, column 1]
Tue Sep 02 18:02:01 BRT 2014   [info] ResourceManager : found om/Peer.vm with loader org.apache.velocity.runtime.resource.loader.ClasspathResourceLoader
Tue Sep 02 18:02:01 BRT 2014   [info] ResourceManager : found om/MapBuilder.vm with loader org.apache.velocity.runtime.resource.loader.ClasspathResourceLoader
Tue Sep 02 18:02:01 BRT 2014   [info] ResourceManager : found om/Object.vm with loader org.apache.velocity.runtime.resource.loader.ClasspathResourceLoader
Tue Sep 02 18:02:01 BRT 2014  [error] RHS of #set statement is null. Context will not be modified. om/Object.vm [line 1840, column 1]
Tue Sep 02 18:02:01 BRT 2014   [info] ResourceManager : found om/Peer.vm with loader org.apache.velocity.runtime.resource.loader.ClasspathResourceLoader
Tue Sep 02 18:02:01 BRT 2014   [info] ResourceManager : found om/MapBuilder.vm with loader org.apache.velocity.runtime.resource.loader.ClasspathResourceLoader
Tue Sep 02 18:02:01 BRT 2014   [info] ResourceManager : found om/Object.vm with loader org.apache.velocity.runtime.resource.loader.ClasspathResourceLoader
Tue Sep 02 18:02:01 BRT 2014  [error] RHS of #set statement is null. Context will not be modified. om/Object.vm [line 1840, column 1]
Tue Sep 02 18:02:01 BRT 2014   [info] ResourceManager : found om/Peer.vm with loader org.apache.velocity.runtime.resource.loader.ClasspathResourceLoader
Tue Sep 02 18:02:01 BRT 2014   [info] ResourceManager : found om/MapBuilder.vm with loader org.apache.velocity.runtime.resource.loader.ClasspathResourceLoader
Tue Sep 02 18:02:01 BRT 2014   [info] ResourceManager : found om/Object.vm with loader org.apache.velocity.runtime.resource.loader.ClasspathResourceLoader
Tue Sep 02 18:02:01 BRT 2014  [error] RHS of #set statement is null. Context will not be modified. om/Object.vm [line 1840, column 1]
Tue Sep 02 18:02:01 BRT 2014   [info] ResourceManager : found om/Peer.vm with loader org.apache.velocity.runtime.resource.loader.ClasspathResourceLoader
Tue Sep 02 18:02:01 BRT 2014   [info] ResourceManager : found om/MapBuilder.vm with loader org.apache.velocity.runtime.resource.loader.ClasspathResourceLoader
Tue Sep 02 18:02:01 BRT 2014   [info] ResourceManager : found om/Object.vm with loader org.apache.velocity.runtime.resource.loader.ClasspathResourceLoader
Tue Sep 02 18:02:01 BRT 2014  [error] RHS of #set statement is null. Context will not be modified. om/Object.vm [line 1840, column 1]
Tue Sep 02 18:02:01 BRT 2014   [info] ResourceManager : found om/Peer.vm with loader org.apache.velocity.runtime.resource.loader.ClasspathResourceLoader
Tue Sep 02 18:02:01 BRT 2014   [info] ResourceManager : found om/MapBuilder.vm with loader org.apache.velocity.runtime.resource.loader.ClasspathResourceLoader
Tue Sep 02 18:02:01 BRT 2014   [info] ResourceManager : found om/Object.vm with loader org.apache.velocity.runtime.resource.loader.ClasspathResourceLoader
Tue Sep 02 18:02:01 BRT 2014  [error] RHS of #set statement is null. Context will not be modified. om/Object.vm [line 1840, column 1]
Tue Sep 02 18:02:01 BRT 2014   [info] ResourceManager : found om/Peer.vm with loader org.apache.velocity.runtime.resource.loader.ClasspathResourceLoader
Tue Sep 02 18:02:01 BRT 2014   [info] ResourceManager : found om/MapBuilder.vm with loader org.apache.velocity.runtime.resource.loader.ClasspathResourceLoader
Tue Sep 02 18:02:01 BRT 2014   [info] ResourceManager : found om/Object.vm with loader org.apache.velocity.runtime.resource.loader.ClasspathResourceLoader
Tue Sep 02 18:02:01 BRT 2014  [error] RHS of #set statement is null. Context will not be modified. om/Object.vm [line 1840, column 1]
Tue Sep 02 18:02:01 BRT 2014   [info] ResourceManager : found om/Peer.vm with loader org.apache.velocity.runtime.resource.loader.ClasspathResourceLoader
Tue Sep 02 18:02:01 BRT 2014   [info] ResourceManager : found om/MapBuilder.vm with loader org.apache.velocity.runtime.resource.loader.ClasspathResourceLoader
Tue Sep 02 18:02:01 BRT 2014   [info] ResourceManager : found om/Object.vm with loader org.apache.velocity.runtime.resource.loader.ClasspathResourceLoader
Tue Sep 02 18:02:01 BRT 2014  [error] RHS of #set statement is null. Context will not be modified. om/Object.vm [line 1840, column 1]
Tue Sep 02 18:02:01 BRT 2014   [info] ResourceManager : found om/DatabaseMapInit.vm with loader org.apache.velocity.runtime.resource.loader.ClasspathResourceLoader
Tue Sep 02 18:02:01 BRT 2014   [info] ResourceManager : found om/DatabaseMapInitLinkageObject.vm with loader org.apache.velocity.runtime.resource.loader.ClasspathResourceLoader
Tue Sep 02 18:02:01 BRT 2014   [info] ResourceManager : found doc/Control.vm with loader org.apache.velocity.runtime.resource.loader.ClasspathResourceLoader
Tue Sep 02 18:02:01 BRT 2014   [info] ResourceManager : found doc/html/datamodel.vm with loader org.apache.velocity.runtime.resource.loader.ClasspathResourceLoader
Tue Sep 02 18:02:01 BRT 2014   [info] ResourceManager : found doc/html/table.vm with loader org.apache.velocity.runtime.resource.loader.ClasspathResourceLoader
Tue Sep 02 18:02:01 BRT 2014   [info] ResourceManager : found doc/html/table.vm with loader org.apache.velocity.runtime.resource.loader.ClasspathResourceLoader
Tue Sep 02 18:02:01 BRT 2014   [info] ResourceManager : found doc/html/table.vm with loader org.apache.velocity.runtime.resource.loader.ClasspathResourceLoader
Tue Sep 02 18:02:01 BRT 2014   [info] ResourceManager : found doc/html/table.vm with loader org.apache.velocity.runtime.resource.loader.ClasspathResourceLoader
Tue Sep 02 18:02:01 BRT 2014   [info] ResourceManager : found doc/html/table.vm with loader org.apache.velocity.runtime.resource.loader.ClasspathResourceLoader
Tue Sep 02 18:02:01 BRT 2014   [info] ResourceManager : found doc/html/table.vm with loader org.apache.velocity.runtime.resource.loader.ClasspathResourceLoader
Tue Sep 02 18:02:01 BRT 2014   [info] ResourceManager : found doc/html/table.vm with loader org.apache.velocity.runtime.resource.loader.ClasspathResourceLoader
Tue Sep 02 18:02:01 BRT 2014   [info] ResourceManager : found doc/html/table.vm with loader org.apache.velocity.runtime.resource.loader.ClasspathResourceLoader
Tue Sep 02 18:02:01 BRT 2014   [info] ResourceManager : found doc/html/table.vm with loader org.apache.velocity.runtime.resource.loader.ClasspathResourceLoader
Tue Sep 02 18:02:01 BRT 2014   [info] ResourceManager : found doc/html/datamodel.css.vm with loader org.apache.velocity.runtime.resource.loader.ClasspathResourceLoader
